CRITICAL - 2023-08-05 17:38:41 --> Invalid file: "default/themplate/footer-bar.php"
in SYSTEMPATH\Exceptions\FrameworkException.php on line 33.
 1 SYSTEMPATH\View\View.php(201): CodeIgniter\Exceptions\FrameworkException::forInvalidFile('default/themplate/footer-bar.php')
 2 SYSTEMPATH\View\View.php(431): CodeIgniter\View\View->render('default/themplate/footer-bar', null, true)
 3 APPPATH\Views\v_login.php(4): CodeIgniter\View\View->include('default/themplate/footer-bar')
 4 SYSTEMPATH\View\View.php(213): include('C:\\xampp\\htdocs\\smkn1tjt\\app\\Views\\v_login.php')
 5 SYSTEMPATH\View\View.php(216): CodeIgniter\View\View->CodeIgniter\View\{closure}()
 6 SYSTEMPATH\Common.php(1184): CodeIgniter\View\View->render('v_login', [], true)
 7 APPPATH\Controllers\Login.php(22): view('v_login', [...])
 8 SYSTEMPATH\CodeIgniter.php(934): App\Controllers\Login->index()
 9 SYSTEMPATH\CodeIgniter.php(499): CodeIgniter\CodeIgniter->runController(Object(App\Controllers\Login))
10 SYSTEMPATH\CodeIgniter.php(368): CodeIgniter\CodeIgniter->handleRequest(null, Object(Config\Cache), false)
11 FCPATH\index.php(67): CodeIgniter\CodeIgniter->run()
CRITICAL - 2023-08-05 17:39:29 --> Invalid file: "default/themplate/footer-bar.php"
in SYSTEMPATH\Exceptions\FrameworkException.php on line 33.
 1 SYSTEMPATH\View\View.php(201): CodeIgniter\Exceptions\FrameworkException::forInvalidFile('default/themplate/footer-bar.php')
 2 SYSTEMPATH\View\View.php(431): CodeIgniter\View\View->render('default/themplate/footer-bar', null, true)
 3 APPPATH\Views\v_login.php(4): CodeIgniter\View\View->include('default/themplate/footer-bar')
 4 SYSTEMPATH\View\View.php(213): include('C:\\xampp\\htdocs\\smkn1tjt\\app\\Views\\v_login.php')
 5 SYSTEMPATH\View\View.php(216): CodeIgniter\View\View->CodeIgniter\View\{closure}()
 6 SYSTEMPATH\Common.php(1184): CodeIgniter\View\View->render('v_login', [], true)
 7 APPPATH\Controllers\Login.php(22): view('v_login', [...])
 8 SYSTEMPATH\CodeIgniter.php(934): App\Controllers\Login->index()
 9 SYSTEMPATH\CodeIgniter.php(499): CodeIgniter\CodeIgniter->runController(Object(App\Controllers\Login))
10 SYSTEMPATH\CodeIgniter.php(368): CodeIgniter\CodeIgniter->handleRequest(null, Object(Config\Cache), false)
11 FCPATH\index.php(67): CodeIgniter\CodeIgniter->run()
CRITICAL - 2023-08-05 17:39:44 --> Invalid file: "default/themplate/footer-bar.php"
in SYSTEMPATH\Exceptions\FrameworkException.php on line 33.
 1 SYSTEMPATH\View\View.php(201): CodeIgniter\Exceptions\FrameworkException::forInvalidFile('default/themplate/footer-bar.php')
 2 SYSTEMPATH\View\View.php(431): CodeIgniter\View\View->render('default/themplate/footer-bar', null, true)
 3 APPPATH\Views\v_login.php(4): CodeIgniter\View\View->include('default/themplate/footer-bar')
 4 SYSTEMPATH\View\View.php(213): include('C:\\xampp\\htdocs\\smkn1tjt\\app\\Views\\v_login.php')
 5 SYSTEMPATH\View\View.php(216): CodeIgniter\View\View->CodeIgniter\View\{closure}()
 6 SYSTEMPATH\Common.php(1184): CodeIgniter\View\View->render('v_login', [], true)
 7 APPPATH\Controllers\Login.php(22): view('v_login', [...])
 8 SYSTEMPATH\CodeIgniter.php(934): App\Controllers\Login->index()
 9 SYSTEMPATH\CodeIgniter.php(499): CodeIgniter\CodeIgniter->runController(Object(App\Controllers\Login))
10 SYSTEMPATH\CodeIgniter.php(368): CodeIgniter\CodeIgniter->handleRequest(null, Object(Config\Cache), false)
11 FCPATH\index.php(67): CodeIgniter\CodeIgniter->run()
CRITICAL - 2023-08-05 17:44:06 --> Invalid file: "default/themplate/footer-bar.php"
in SYSTEMPATH\Exceptions\FrameworkException.php on line 33.
 1 SYSTEMPATH\View\View.php(201): CodeIgniter\Exceptions\FrameworkException::forInvalidFile('default/themplate/footer-bar.php')
 2 SYSTEMPATH\View\View.php(431): CodeIgniter\View\View->render('default/themplate/footer-bar', null, true)
 3 APPPATH\Views\v_login.php(4): CodeIgniter\View\View->include('default/themplate/footer-bar')
 4 SYSTEMPATH\View\View.php(213): include('C:\\xampp\\htdocs\\smkn1tjt\\app\\Views\\v_login.php')
 5 SYSTEMPATH\View\View.php(216): CodeIgniter\View\View->CodeIgniter\View\{closure}()
 6 SYSTEMPATH\Common.php(1184): CodeIgniter\View\View->render('v_login', [], true)
 7 APPPATH\Controllers\Login.php(22): view('v_login', [...])
 8 SYSTEMPATH\CodeIgniter.php(934): App\Controllers\Login->index()
 9 SYSTEMPATH\CodeIgniter.php(499): CodeIgniter\CodeIgniter->runController(Object(App\Controllers\Login))
10 SYSTEMPATH\CodeIgniter.php(368): CodeIgniter\CodeIgniter->handleRequest(null, Object(Config\Cache), false)
11 FCPATH\index.php(67): CodeIgniter\CodeIgniter->run()
