CRITICAL - 2023-07-30 16:52:26 --> Undefined variable $hasError
in APPPATH\Views\default\themplate\layout.php on line 18.
 1 APPPATH\Views\default\themplate\layout.php(18): CodeIgniter\Debug\Exceptions->errorHandler(2, 'Undefined variable $hasError', 'C:\\xampp\\htdocs\\smkn1tjt\\app\\Views\\default\\themplate\\layout.php', 18)
 2 SYSTEMPATH\View\View.php(213): include('C:\\xampp\\htdocs\\smkn1tjt\\app\\Views\\default\\themplate\\layout.php')
 3 SYSTEMPATH\View\View.php(216): CodeIgniter\View\View->CodeIgniter\View\{closure}()
 4 SYSTEMPATH\View\View.php(229): CodeIgniter\View\View->render('default/themplate/layout', [], true)
 5 SYSTEMPATH\Common.php(1184): CodeIgniter\View\View->render('v_login', [], true)
 6 APPPATH\Controllers\Login.php(22): view('v_login', [...])
 7 SYSTEMPATH\CodeIgniter.php(934): App\Controllers\Login->index()
 8 SYSTEMPATH\CodeIgniter.php(499): CodeIgniter\CodeIgniter->runController(Object(App\Controllers\Login))
 9 SYSTEMPATH\CodeIgniter.php(368): CodeIgniter\CodeIgniter->handleRequest(null, Object(Config\Cache), false)
10 FCPATH\index.php(67): CodeIgniter\CodeIgniter->run()
CRITICAL - 2023-07-30 16:52:28 --> Undefined variable $hasError
in APPPATH\Views\default\themplate\layout.php on line 18.
 1 APPPATH\Views\default\themplate\layout.php(18): CodeIgniter\Debug\Exceptions->errorHandler(2, 'Undefined variable $hasError', 'C:\\xampp\\htdocs\\smkn1tjt\\app\\Views\\default\\themplate\\layout.php', 18)
 2 SYSTEMPATH\View\View.php(213): include('C:\\xampp\\htdocs\\smkn1tjt\\app\\Views\\default\\themplate\\layout.php')
 3 SYSTEMPATH\View\View.php(216): CodeIgniter\View\View->CodeIgniter\View\{closure}()
 4 SYSTEMPATH\View\View.php(229): CodeIgniter\View\View->render('default/themplate/layout', [], true)
 5 SYSTEMPATH\Common.php(1184): CodeIgniter\View\View->render('v_login', [], true)
 6 APPPATH\Controllers\Login.php(22): view('v_login', [...])
 7 SYSTEMPATH\CodeIgniter.php(934): App\Controllers\Login->index()
 8 SYSTEMPATH\CodeIgniter.php(499): CodeIgniter\CodeIgniter->runController(Object(App\Controllers\Login))
 9 SYSTEMPATH\CodeIgniter.php(368): CodeIgniter\CodeIgniter->handleRequest(null, Object(Config\Cache), false)
10 FCPATH\index.php(67): CodeIgniter\CodeIgniter->run()
